<?xml version="1.0" encoding="UTF-8"?>
<testng-results total="1" passed="1" failed="0" skipped="0">
  <reporter-output>
  </reporter-output>
  <suite started-at="2018-02-12T20:17:17Z" name="Default suite" finished-at="2018-02-12T20:17:22Z" duration-ms="4998">
    <groups>
    </groups>
    <test started-at="2018-02-12T20:17:17Z" name="Default test" finished-at="2018-02-12T20:17:22Z" duration-ms="4998">
      <class name="tests.amazonTest.AmazonTest">
        <test-method is-config="true" signature="setupClass()[pri:0, instance:tests.amazonTest.AmazonTest@c86b9e3]" started-at="2018-02-12T12:17:17Z" name="setupClass" finished-at="2018-02-12T12:17:17Z" duration-ms="7" status="PASS">
          <reporter-output>
          </reporter-output>
        </test-method> <!-- setupClass -->
        <test-method is-config="true" signature="setupTest()[pri:0, instance:tests.amazonTest.AmazonTest@c86b9e3]" started-at="2018-02-12T12:17:17Z" name="setupTest" finished-at="2018-02-12T12:17:17Z" duration-ms="0" status="PASS">
          <reporter-output>
          </reporter-output>
        </test-method> <!-- setupTest -->
        <test-method signature="groupSetup()[pri:0, instance:tests.amazonTest.AmazonTest@c86b9e3]" started-at="2018-02-12T12:17:17Z" name="groupSetup" description="Test Description" finished-at="2018-02-12T12:17:22Z" duration-ms="4980" status="PASS">
          <reporter-output>
          </reporter-output>
        </test-method> <!-- groupSetup -->
        <test-method is-config="true" signature="tearDownClass()[pri:0, instance:tests.amazonTest.AmazonTest@c86b9e3]" started-at="2018-02-12T12:17:22Z" name="tearDownClass" finished-at="2018-02-12T12:17:22Z" duration-ms="0" status="PASS">
          <reporter-output>
          </reporter-output>
        </test-method> <!-- tearDownClass -->
        <test-method is-config="true" signature="tearDownTest()[pri:0, instance:tests.amazonTest.AmazonTest@c86b9e3]" started-at="2018-02-12T12:17:22Z" name="tearDownTest" finished-at="2018-02-12T12:17:22Z" duration-ms="0" status="PASS">
          <reporter-output>
          </reporter-output>
        </test-method> <!-- tearDownTest -->
      </class> <!-- tests.amazonTest.AmazonTest -->
    </test> <!-- Default test -->
  </suite> <!-- Default suite -->
</testng-results>
